<?xml version="1.0" encoding="UTF-8"?>
<testsuite xmlns:xsi="http://www.w3.org/2001/XMLSchema-instance" xsi:noNamespaceSchemaLocation="https://maven.apache.org/surefire/maven-surefire-plugin/xsd/surefire-test-report-3.0.xsd" version="3.0" name="org.test.BoardTest" time="0.051" tests="20" errors="0" skipped="0" failures="0">
  <properties>
[...]
</properties>
  <testcase name="testEmptyConstructor" classname="org.test.BoardTest" time="0.003"/>
  <testcase name="testRestoreBoard" classname="org.test.BoardTest" time="0.001"/>
  <testcase name="testBoardNeedsRestore" classname="org.test.BoardTest" time="0.001"/>
  <testcase name="testTilesAreInSameColumn" classname="org.test.BoardTest" time="0.001"/>
  <testcase name="testShowBoard" classname="org.test.BoardTest" time="0.002"/>
  <testcase name="testRemoveTiles" classname="org.test.BoardTest" time="0.004"/>
  <testcase name="testBoardIsEmpty" classname="org.test.BoardTest" time="0.001"/>
  <testcase name="testConstructorWithPlacementsAndBag" classname="org.test.BoardTest" time="0.001"/>
  <testcase name="testInitializeBoard" classname="org.test.BoardTest" time="0.001"/>
  <testcase name="testAddTiles" classname="org.test.BoardTest" time="0.001"/>
  <testcase name="testTileIsRemovable" classname="org.test.BoardTest" time="0.002"/>
  <testcase name="testArePositionsDifferentFromEachOther" classname="org.test.BoardTest" time="0.001"/>
  <testcase name="testIsABoardPosition" classname="org.test.BoardTest" time="0.001"/>
  <testcase name="testGetPlacements" classname="org.test.BoardTest" time="0.001"/>
  <testcase name="testGetBag" classname="org.test.BoardTest" time="0.0"/>
  <testcase name="testPrintTilePositionBoard" classname="org.test.BoardTest" time="0.005"/>
  <testcase name="testAddTilesWithRemovedTiles" classname="org.test.BoardTest" time="0.001"/>
  <testcase name="testTilesAreInSameLine" classname="org.test.BoardTest" time="0.001"/>
  <testcase name="testConstructorCopyExternalBoard" classname="org.test.BoardTest" time="0.008"/>
  <testcase name="testSetPlacements" classname="org.test.BoardTest" time="0.001"/>
</testsuite>