<?xml version="1.0" encoding="UTF-8"?>
<testsuite xmlns:xsi="http://www.w3.org/2001/XMLSchema-instance" xsi:noNamespaceSchemaLocation="https://maven.apache.org/surefire/maven-surefire-plugin/xsd/surefire-test-report-3.0.xsd" version="3.0" name="org.test.CommonCardDiagonalTest" time="0.058" tests="5" errors="0" skipped="0" failures="0">
  <properties>
[...]
</properties>
  <testcase name="testExecuteAlgorithmLeftSecond" classname="org.test.CommonCardDiagonalTest" time="0.031"/>
  <testcase name="testExecuteAlgorithmDiagonalLeftFirst" classname="org.test.CommonCardDiagonalTest" time="0.006"/>
  <testcase name="testExecuteAlgorithmDiagonalRightFirst" classname="org.test.CommonCardDiagonalTest" time="0.001"/>
  <testcase name="testExecuteAlgorithmDiagonalRightSecond" classname="org.test.CommonCardDiagonalTest" time="0.0"/>
  <testcase name="testExecuteAlgorithmDiagonalLeftFalseFirst" classname="org.test.CommonCardDiagonalTest" time="0.0"/>
</testsuite>